{"name": "test_search_add[京东]", "status": "broken", "statusDetails": {"message": "UnicodeDecodeError: 'utf-8' codec can't decode byte 0x89 in position 0: invalid start byte", "trace": "args = (<page.main.Main object at 0x00000194113CC808>, 'xpath', '//*[@resource-id = \"android:id/tabs\"]/android.widget.RelativeLayout[2]'), kwargs = {}\n_blacklist = [('xpath', '//*[@text=\"确认\"]'), ('xpath', '//*[@text=\"下次再说\"]'), ('xpath', '//*[@text=\"同意\"]')], _error_num = 0, _max_num = 3, BasePage = <class 'page.base_page.BasePage'>\ninstance = <page.main.Main object at 0x00000194113CC808>, m = <_io.TextIOWrapper name='./tmp.png' mode='r' encoding='utf-8'>\n\n    def wrapper(*args,**kwargs):\n    \n        # info以上级别的日志都会被打印\n        logging.basicConfig(level=logging.INFO)\n    \n        # 黑名单弹框，包含的text\n        _blacklist = [\n            (By.XPATH, '//*[@text=\"确认\"]'),\n            (By.XPATH, '//*[@text=\"下次再说\"]'),\n            (By.XPATH, '//*[@text=\"同意\"]'),\n        ]\n        # 循环时设置隐式等待时间用到\n        _error_num = 0\n        _max_num = 3\n    \n        #局部导入，防止循环调用导致的卡死\n        from page.base_page import BasePage\n        instance:BasePage = args[0]\n        try:\n            logging.info('run'+ func.__name__ + \"args:\" + str(args[1:]) + \"kwargs:\" + str(kwargs))\n            #未找到元素，则判断异常，查找当前页面是否存在黑名单名称，若存在则认为是弹框，尝试将弹框点击\n            #判断传入的是否是元祖，是元祖的话，则提取元祖元素进行传参\n>           element = func(*args, **kwargs)\n\n..\\page\\wrapper.py:32: \n_ _ _ _ _ _ _ _ _ _ _ _ _ _ _ _ _ _ _ _ _ _ _ _ _ _ _ _ _ _ _ _ _ _ _ _ _ _ _ _ _ _ _ _ _ _ _ _ _ _ _ _ _ _ _ _ _ _ _ _ _ _ _ _ _ _ _ _ _ _ _ _ _ _ _ _ _ _ _ _ _ _ _ _ _ _ _ _ _ _ _ _ _ _ _ _ _ _ _ _ _ _ _ _ _ _ _ _ _ _ _ _ _ _ _ _ _ \n\nself = <page.main.Main object at 0x00000194113CC808>, by = 'xpath', locator = '//*[@resource-id = \"android:id/tabs\"]/android.widget.RelativeLayout[2]'\n\n    @handle_black\n    def find(self,by,locator):\n        ele:WebElement\n        if isinstance(by, tuple):\n            ele = self._driver.find_element(*by)\n        else:\n>           ele = self._driver.find_element(by, locator)\n\n..\\page\\base_page.py:33: \n_ _ _ _ _ _ _ _ _ _ _ _ _ _ _ _ _ _ _ _ _ _ _ _ _ _ _ _ _ _ _ _ _ _ _ _ _ _ _ _ _ _ _ _ _ _ _ _ _ _ _ _ _ _ _ _ _ _ _ _ _ _ _ _ _ _ _ _ _ _ _ _ _ _ _ _ _ _ _ _ _ _ _ _ _ _ _ _ _ _ _ _ _ _ _ _ _ _ _ _ _ _ _ _ _ _ _ _ _ _ _ _ _ _ _ _ _ \n\nself = <appium.webdriver.webdriver.WebDriver (session=\"91160f55-b158-4b1d-bee4-8770540afa3f\")>, by = 'xpath', value = '//*[@resource-id = \"android:id/tabs\"]/android.widget.RelativeLayout[2]'\n\n    def find_element(self, by: str = By.ID, value: Union[str, Dict] = None) -> MobileWebElement:\n        \"\"\"'Private' method used by the find_element_by_* methods.\n    \n        Override for Appium\n    \n        Usage:\n            Use the corresponding find_element_by_* instead of this.\n    \n        Returns:\n            `appium.webdriver.webelement.WebElement`: The found element\n    \n        \"\"\"\n        # TODO: If we need, we should enable below converter for Web context\n        # if self.w3c:\n        #     if by == By.ID:\n        #         by = By.CSS_SELECTOR\n        #         value = '[id=\"%s\"]' % value\n        #     elif by == By.TAG_NAME:\n        #         by = By.CSS_SELECTOR\n        #     elif by == By.CLASS_NAME:\n        #         by = By.CSS_SELECTOR\n        #         value = \".%s\" % value\n        #     elif by == By.NAME:\n        #         by = By.CSS_SELECTOR\n        #         value = '[name=\"%s\"]' % value\n    \n        return self.execute(RemoteCommand.FIND_ELEMENT, {\n            'using': by,\n>           'value': value})['value']\n\nc:\\users\\zb.zhang\\appdata\\local\\programs\\python\\python37\\lib\\site-packages\\appium\\webdriver\\webdriver.py:281: \n_ _ _ _ _ _ _ _ _ _ _ _ _ _ _ _ _ _ _ _ _ _ _ _ _ _ _ _ _ _ _ _ _ _ _ _ _ _ _ _ _ _ _ _ _ _ _ _ _ _ _ _ _ _ _ _ _ _ _ _ _ _ _ _ _ _ _ _ _ _ _ _ _ _ _ _ _ _ _ _ _ _ _ _ _ _ _ _ _ _ _ _ _ _ _ _ _ _ _ _ _ _ _ _ _ _ _ _ _ _ _ _ _ _ _ _ _ \n\nself = <appium.webdriver.webdriver.WebDriver (session=\"91160f55-b158-4b1d-bee4-8770540afa3f\")>, driver_command = 'findElement'\nparams = {'using': 'xpath', 'value': '//*[@resource-id = \"android:id/tabs\"]/android.widget.RelativeLayout[2]'}\n\n    def execute(self, driver_command, params=None):\n        \"\"\"\n        Sends a command to be executed by a command.CommandExecutor.\n    \n        :Args:\n         - driver_command: The name of the command to execute as a string.\n         - params: A dictionary of named parameters to send with the command.\n    \n        :Returns:\n          The command's JSON response loaded into a dictionary object.\n        \"\"\"\n        if self.session_id is not None:\n            if not params:\n                params = {'sessionId': self.session_id}\n            elif 'sessionId' not in params:\n                params['sessionId'] = self.session_id\n    \n        params = self._wrap_value(params)\n        response = self.command_executor.execute(driver_command, params)\n        if response:\n>           self.error_handler.check_response(response)\n\nc:\\users\\zb.zhang\\appdata\\local\\programs\\python\\python37\\lib\\site-packages\\selenium\\webdriver\\remote\\webdriver.py:321: \n_ _ _ _ _ _ _ _ _ _ _ _ _ _ _ _ _ _ _ _ _ _ _ _ _ _ _ _ _ _ _ _ _ _ _ _ _ _ _ _ _ _ _ _ _ _ _ _ _ _ _ _ _ _ _ _ _ _ _ _ _ _ _ _ _ _ _ _ _ _ _ _ _ _ _ _ _ _ _ _ _ _ _ _ _ _ _ _ _ _ _ _ _ _ _ _ _ _ _ _ _ _ _ _ _ _ _ _ _ _ _ _ _ _ _ _ _ \n\nself = <appium.webdriver.errorhandler.MobileErrorHandler object at 0x0000019411286EC8>\nresponse = {'status': 404, 'value': '{\"value\":{\"error\":\"no such element\",\"message\":\"An element could not be located on the page u...11)\\\\n    at runMicrotasks (<anonymous>)\\\\n    at processTicksAndRejections (internal/process/task_queues.js:97:5)\"}}'}\n\n    def check_response(self, response: Dict) -> None:\n        try:\n            super().check_response(response)\n        except WebDriverException as wde:\n            if wde.msg == 'No such context found.':\n                raise NoSuchContextException(wde.msg, wde.screen, wde.stacktrace) from wde\n            else:\n>               raise wde\n\nc:\\users\\zb.zhang\\appdata\\local\\programs\\python\\python37\\lib\\site-packages\\appium\\webdriver\\errorhandler.py:31: \n_ _ _ _ _ _ _ _ _ _ _ _ _ _ _ _ _ _ _ _ _ _ _ _ _ _ _ _ _ _ _ _ _ _ _ _ _ _ _ _ _ _ _ _ _ _ _ _ _ _ _ _ _ _ _ _ _ _ _ _ _ _ _ _ _ _ _ _ _ _ _ _ _ _ _ _ _ _ _ _ _ _ _ _ _ _ _ _ _ _ _ _ _ _ _ _ _ _ _ _ _ _ _ _ _ _ _ _ _ _ _ _ _ _ _ _ _ \n\nself = <appium.webdriver.errorhandler.MobileErrorHandler object at 0x0000019411286EC8>\nresponse = {'status': 404, 'value': '{\"value\":{\"error\":\"no such element\",\"message\":\"An element could not be located on the page u...11)\\\\n    at runMicrotasks (<anonymous>)\\\\n    at processTicksAndRejections (internal/process/task_queues.js:97:5)\"}}'}\n\n    def check_response(self, response: Dict) -> None:\n        try:\n>           super().check_response(response)\n\nc:\\users\\zb.zhang\\appdata\\local\\programs\\python\\python37\\lib\\site-packages\\appium\\webdriver\\errorhandler.py:26: \n_ _ _ _ _ _ _ _ _ _ _ _ _ _ _ _ _ _ _ _ _ _ _ _ _ _ _ _ _ _ _ _ _ _ _ _ _ _ _ _ _ _ _ _ _ _ _ _ _ _ _ _ _ _ _ _ _ _ _ _ _ _ _ _ _ _ _ _ _ _ _ _ _ _ _ _ _ _ _ _ _ _ _ _ _ _ _ _ _ _ _ _ _ _ _ _ _ _ _ _ _ _ _ _ _ _ _ _ _ _ _ _ _ _ _ _ _ \n\nself = <appium.webdriver.errorhandler.MobileErrorHandler object at 0x0000019411286EC8>\nresponse = {'status': 404, 'value': '{\"value\":{\"error\":\"no such element\",\"message\":\"An element could not be located on the page u...11)\\\\n    at runMicrotasks (<anonymous>)\\\\n    at processTicksAndRejections (internal/process/task_queues.js:97:5)\"}}'}\n\n    def check_response(self, response):\n        \"\"\"\n        Checks that a JSON response from the WebDriver does not have an error.\n    \n        :Args:\n         - response - The JSON response from the WebDriver server as a dictionary\n           object.\n    \n        :Raises: If the response contains an error message.\n        \"\"\"\n        status = response.get('status', None)\n        if status is None or status == ErrorCode.SUCCESS:\n            return\n        value = None\n        message = response.get(\"message\", \"\")\n        screen = response.get(\"screen\", \"\")\n        stacktrace = None\n        if isinstance(status, int):\n            value_json = response.get('value', None)\n            if value_json and isinstance(value_json, basestring):\n                import json\n                try:\n                    value = json.loads(value_json)\n                    if len(value.keys()) == 1:\n                        value = value['value']\n                    status = value.get('error', None)\n                    if status is None:\n                        status = value[\"status\"]\n                        message = value[\"value\"]\n                        if not isinstance(message, basestring):\n                            value = message\n                            message = message.get('message')\n                    else:\n                        message = value.get('message', None)\n                except ValueError:\n                    pass\n    \n        exception_class = ErrorInResponseException\n        if status in ErrorCode.NO_SUCH_ELEMENT:\n            exception_class = NoSuchElementException\n        elif status in ErrorCode.NO_SUCH_FRAME:\n            exception_class = NoSuchFrameException\n        elif status in ErrorCode.NO_SUCH_WINDOW:\n            exception_class = NoSuchWindowException\n        elif status in ErrorCode.STALE_ELEMENT_REFERENCE:\n            exception_class = StaleElementReferenceException\n        elif status in ErrorCode.ELEMENT_NOT_VISIBLE:\n            exception_class = ElementNotVisibleException\n        elif status in ErrorCode.INVALID_ELEMENT_STATE:\n            exception_class = InvalidElementStateException\n        elif status in ErrorCode.INVALID_SELECTOR \\\n                or status in ErrorCode.INVALID_XPATH_SELECTOR \\\n                or status in ErrorCode.INVALID_XPATH_SELECTOR_RETURN_TYPER:\n            exception_class = InvalidSelectorException\n        elif status in ErrorCode.ELEMENT_IS_NOT_SELECTABLE:\n            exception_class = ElementNotSelectableException\n        elif status in ErrorCode.ELEMENT_NOT_INTERACTABLE:\n            exception_class = ElementNotInteractableException\n        elif status in ErrorCode.INVALID_COOKIE_DOMAIN:\n            exception_class = InvalidCookieDomainException\n        elif status in ErrorCode.UNABLE_TO_SET_COOKIE:\n            exception_class = UnableToSetCookieException\n        elif status in ErrorCode.TIMEOUT:\n            exception_class = TimeoutException\n        elif status in ErrorCode.SCRIPT_TIMEOUT:\n            exception_class = TimeoutException\n        elif status in ErrorCode.UNKNOWN_ERROR:\n            exception_class = WebDriverException\n        elif status in ErrorCode.UNEXPECTED_ALERT_OPEN:\n            exception_class = UnexpectedAlertPresentException\n        elif status in ErrorCode.NO_ALERT_OPEN:\n            exception_class = NoAlertPresentException\n        elif status in ErrorCode.IME_NOT_AVAILABLE:\n            exception_class = ImeNotAvailableException\n        elif status in ErrorCode.IME_ENGINE_ACTIVATION_FAILED:\n            exception_class = ImeActivationFailedException\n        elif status in ErrorCode.MOVE_TARGET_OUT_OF_BOUNDS:\n            exception_class = MoveTargetOutOfBoundsException\n        elif status in ErrorCode.JAVASCRIPT_ERROR:\n            exception_class = JavascriptException\n        elif status in ErrorCode.SESSION_NOT_CREATED:\n            exception_class = SessionNotCreatedException\n        elif status in ErrorCode.INVALID_ARGUMENT:\n            exception_class = InvalidArgumentException\n        elif status in ErrorCode.NO_SUCH_COOKIE:\n            exception_class = NoSuchCookieException\n        elif status in ErrorCode.UNABLE_TO_CAPTURE_SCREEN:\n            exception_class = ScreenshotException\n        elif status in ErrorCode.ELEMENT_CLICK_INTERCEPTED:\n            exception_class = ElementClickInterceptedException\n        elif status in ErrorCode.INSECURE_CERTIFICATE:\n            exception_class = InsecureCertificateException\n        elif status in ErrorCode.INVALID_COORDINATES:\n            exception_class = InvalidCoordinatesException\n        elif status in ErrorCode.INVALID_SESSION_ID:\n            exception_class = InvalidSessionIdException\n        elif status in ErrorCode.UNKNOWN_METHOD:\n            exception_class = UnknownMethodException\n        else:\n            exception_class = WebDriverException\n        if value == '' or value is None:\n            value = response['value']\n        if isinstance(value, basestring):\n            if exception_class == ErrorInResponseException:\n                raise exception_class(response, value)\n            raise exception_class(value)\n        if message == \"\" and 'message' in value:\n            message = value['message']\n    \n        screen = None\n        if 'screen' in value:\n            screen = value['screen']\n    \n        stacktrace = None\n        if 'stackTrace' in value and value['stackTrace']:\n            stacktrace = []\n            try:\n                for frame in value['stackTrace']:\n                    line = self._value_or_default(frame, 'lineNumber', '')\n                    file = self._value_or_default(frame, 'fileName', '<anonymous>')\n                    if line:\n                        file = \"%s:%s\" % (file, line)\n                    meth = self._value_or_default(frame, 'methodName', '<anonymous>')\n                    if 'className' in frame:\n                        meth = \"%s.%s\" % (frame['className'], meth)\n                    msg = \"    at %s (%s)\"\n                    msg = msg % (meth, file)\n                    stacktrace.append(msg)\n            except TypeError:\n                pass\n        if exception_class == ErrorInResponseException:\n            raise exception_class(response, message)\n        elif exception_class == UnexpectedAlertPresentException:\n            alert_text = None\n            if 'data' in value:\n                alert_text = value['data'].get('text')\n            elif 'alert' in value:\n                alert_text = value['alert'].get('text')\n            raise exception_class(message, screen, stacktrace, alert_text)\n>       raise exception_class(message, screen, stacktrace)\nE       selenium.common.exceptions.NoSuchElementException: Message: An element could not be located on the page using the given search parameters.\n\nc:\\users\\zb.zhang\\appdata\\local\\programs\\python\\python37\\lib\\site-packages\\selenium\\webdriver\\remote\\errorhandler.py:242: NoSuchElementException\n\nDuring handling of the above exception, another exception occurred:\n\nself = <testcases.test_search.Test_Search object at 0x000001941139FA08>\n\n    def setup(self):\n        self.app = App()\n>       self.search = self.app.start().goto_main().goto_market().goto_seacrh()\n\ntest_search.py:10: \n_ _ _ _ _ _ _ _ _ _ _ _ _ _ _ _ _ _ _ _ _ _ _ _ _ _ _ _ _ _ _ _ _ _ _ _ _ _ _ _ _ _ _ _ _ _ _ _ _ _ _ _ _ _ _ _ _ _ _ _ _ _ _ _ _ _ _ _ _ _ _ _ _ _ _ _ _ _ _ _ _ _ _ _ _ _ _ _ _ _ _ _ _ _ _ _ _ _ _ _ _ _ _ _ _ _ _ _ _ _ _ _ _ _ _ _ _ \n..\\page\\main.py:35: in goto_market\n    self.steps(\"../config/market.yaml\")\n..\\page\\base_page.py:95: in steps\n    self.find(step['by'],step['locator']).click()\n..\\page\\wrapper.py:47: in wrapper\n    content = m.read()\n_ _ _ _ _ _ _ _ _ _ _ _ _ _ _ _ _ _ _ _ _ _ _ _ _ _ _ _ _ _ _ _ _ _ _ _ _ _ _ _ _ _ _ _ _ _ _ _ _ _ _ _ _ _ _ _ _ _ _ _ _ _ _ _ _ _ _ _ _ _ _ _ _ _ _ _ _ _ _ _ _ _ _ _ _ _ _ _ _ _ _ _ _ _ _ _ _ _ _ _ _ _ _ _ _ _ _ _ _ _ _ _ _ _ _ _ _ \n\nself = <encodings.utf_8.IncrementalDecoder object at 0x00000194113DC388>\ninput = b'\\x89PNG\\r\\n\\x1a\\n\\x00\\x00\\x00\\rIHDR\\x00\\x00\\x048\\x00\\x00\\x07\\x80\\x08\\x06\\x00\\x00\\x00+a\\xe7\\n\\x00\\x00\\x00\\x04sBIT\\x08...x88\\x88\\x88\\xea\\x1e\\x03\\x1cDDDDDDDT\\xf7\\x18\\xe0 \"\"\"\"\"\"\\xa2\\xba\\xf7\\xff\\x01\\xb7#}\\xfev+7;\\x00\\x00\\x00\\x00IEND\\xaeB`\\x82'\nfinal = True\n\n    def decode(self, input, final=False):\n        # decode input (taking the buffer into account)\n        data = self.buffer + input\n>       (result, consumed) = self._buffer_decode(data, self.errors, final)\nE       UnicodeDecodeError: 'utf-8' codec can't decode byte 0x89 in position 0: invalid start byte\n\nc:\\users\\zb.zhang\\appdata\\local\\programs\\python\\python37\\lib\\codecs.py:322: UnicodeDecodeError"}, "attachments": [{"name": "log", "source": "be8d3770-0ca7-4725-a071-42ac9cf4db2f-attachment.txt", "type": "text/plain"}], "parameters": [{"name": "name", "value": "'京东'"}], "start": 1620122859534, "stop": 1620122859534, "uuid": "4df99b11-39a2-4463-a477-2de304d07828", "historyId": "c488060c0b1dd8fa6da939f3b970f7ae", "testCaseId": "af39f523fbcc6f1a0dacebbc8698ab46", "fullName": "test_search.Test_Search#test_search_add", "labels": [{"name": "suite", "value": "test_search"}, {"name": "subSuite", "value": "Test_Search"}, {"name": "host", "value": "hz-zb-zhang"}, {"name": "thread", "value": "1892-MainThread"}, {"name": "framework", "value": "pytest"}, {"name": "language", "value": "cpython3"}, {"name": "package", "value": "test_search"}]}